2024-02-24 11:19:13,506 - INFO - Rendering index page - <!DOCTYPE html>
<html lang="en">
<head>
    <meta charset="UTF-8">
    <meta name="viewport" content="width=device-width, initial-scale=1.0">
    <title>Video Streaming</title>
</head>
<body>
    <h1>Video Streaming</h1>
    <video width="640" height="480" controls autoplay>
        <source src="/video" type="multipart/x-mixed-replace">
        Your browser does not support the video tag.
    </video>
    <form action="/start_recording" method="post">
        <button type="submit">Start Recording</button>
    </form>
    <form action="/stop_recording" method="post">
        <button type="submit">Stop Recording</button>
    </form>
</body>
</html>
2024-02-24 11:19:21,910 - INFO - Video stream requested by 192.168.1.226 using Mozilla/5.0 (Macintosh; Intel Mac OS X 10_15_7) AppleWebKit/537.36 (KHTML, like Gecko) Chrome/121.0.0.0 Safari/537.36 - Video streaming HTML
2024-02-24 11:19:26,273 - INFO - Rendering index page - <!DOCTYPE html>
<html lang="en">
<head>
    <meta charset="UTF-8">
    <meta name="viewport" content="width=device-width, initial-scale=1.0">
    <title>Video Streaming</title>
</head>
<body>
    <h1>Video Streaming</h1>
    <video width="640" height="480" controls autoplay>
        <source src="/video" type="multipart/x-mixed-replace">
        Your browser does not support the video tag.
    </video>
    <form action="/start_recording" method="post">
        <button type="submit">Start Recording</button>
    </form>
    <form action="/stop_recording" method="post">
        <button type="submit">Stop Recording</button>
    </form>
</body>
</html>
2024-02-24 11:20:03,408 - INFO - Rendering index page - <!DOCTYPE html>
<html lang="en">
<head>
    <meta charset="UTF-8">
    <meta name="viewport" content="width=device-width, initial-scale=1.0">
    <title>Video Streaming</title>
</head>
<body>
    <h1>Video Streaming</h1>
    <video width="640" height="480" controls autoplay>
        <source src="/video" type="multipart/x-mixed-replace">
        Your browser does not support the video tag.
    </video>
    <form action="/start_recording" method="post">
        <button type="submit">Start Recording</button>
    </form>
    <form action="/stop_recording" method="post">
        <button type="submit">Stop Recording</button>
    </form>
</body>
</html>
2024-02-24 11:21:45,710 - INFO - Rendering index page - <!DOCTYPE html>
<html lang="en">
<head>
    <meta charset="UTF-8">
    <meta name="viewport" content="width=device-width, initial-scale=1.0">
    <title>Video Streaming</title>
</head>
<body>
    <h1>Video Streaming</h1>
    <video width="640" height="480" controls autoplay>
        <source src="/video" type="multipart/x-mixed-replace">
        Your browser does not support the video tag.
    </video>
    <form action="/start_recording" method="post">
        <button type="submit">Start Recording</button>
    </form>
    <form action="/stop_recording" method="post">
        <button type="submit">Stop Recording</button>
    </form>
</body>
</html>
2024-02-24 12:36:14,970 - INFO - Video stream requested by 192.168.1.226 using Mozilla/5.0 (Macintosh; Intel Mac OS X 10_15_7) AppleWebKit/537.36 (KHTML, like Gecko) Chrome/121.0.0.0 Safari/537.36 - Video streaming HTML
Video stream requested
